<?xml version="1.0" encoding="UTF-8"?>
<catalog>
    <book id="1">
        <title>The Great Gatsby</title>
        <author>F. Scott Fitzgerald</author>
        <genre>Fiction</genre>
        <price>12.99</price>
        <published>1925</published>
    </book>
    <book id="2">
        <title>To Kill a Mockingbird</title>
        <author>Harper Lee</author>
        <genre>Fiction</genre>
        <price>14.99</price>
        <published>1960</published>
    </book>
    <book id="3">
        <title>1984</title>
        <author>George Orwell</author>
        <genre>Dystopian Fiction</genre>
        <price>13.99</price>
        <published>1949</published>
    </book>
</catalog>
